<?xml version="1.0" encoding="UTF-8" ?>
<testsuite failures="0" time="0.016" errors="0" skipped="0" tests="1" name="com.dafei.AppTest">
  <properties>
    <property name="java.runtime.name" value="Java(TM) SE Runtime Environment"/>
    <property name="sun.boot.library.path" value="F:\Program Files\Java\jdk1.6.0_22\jre\bin"/>
    <property name="java.vm.version" value="17.1-b03"/>
    <property name="java.vm.vendor" value="Sun Microsystems Inc."/>
    <property name="java.vendor.url" value="http://java.sun.com/"/>
    <property name="path.separator" value=";"/>
    <property name="java.vm.name" value="Java HotSpot(TM) Client VM"/>
    <property name="file.encoding.pkg" value="sun.io"/>
    <property name="user.country" value="CN"/>
    <property name="sun.java.launcher" value="SUN_STANDARD"/>
    <property name="sun.os.patch.level" value="Service Pack 2"/>
    <property name="java.vm.specification.name" value="Java Virtual Machine Specification"/>
    <property name="user.dir" value="E:\workspace\DuplicationDetect"/>
    <property name="java.runtime.version" value="1.6.0_22-b04"/>
    <property name="java.awt.graphicsenv" value="sun.awt.Win32GraphicsEnvironment"/>
    <property name="basedir" value="E:\workspace\DuplicationDetect"/>
    <property name="java.endorsed.dirs" value="F:\Program Files\Java\jdk1.6.0_22\jre\lib\endorsed"/>
    <property name="os.arch" value="x86"/>
    <property name="surefire.real.class.path" value="F:\DOCUME~1\ADMINI~1\LOCALS~1\Temp\surefirebooter4665485621317065387.jar"/>
    <property name="java.io.tmpdir" value="F:\DOCUME~1\ADMINI~1\LOCALS~1\Temp\"/>
    <property name="line.separator" value="
"/>
    <property name="java.vm.specification.vendor" value="Sun Microsystems Inc."/>
    <property name="user.variant" value=""/>
    <property name="os.name" value="Windows 2003"/>
    <property name="sun.jnu.encoding" value="GBK"/>
    <property name="java.library.path" value="F:\Program Files\Java\jdk1.6.0_22\jre\bin;.;F:\WINDOWS\Sun\Java\bin;F:\WINDOWS\system32;F:\WINDOWS;F:\Program Files\CVSNT\;F:\Program Files\Common Files\March Hare Software Ltd\;F:\Program Files\CVSNT\;F:\Program Files\Common Files\March Hare Software Ltd\;F:\Program Files\CVSNT\;F:\Program Files\Common Files\March Hare Software Ltd\;F:\Program Files\CVSNT\;F:\Program Files\Common Files\March Hare Software Ltd\;F:\Program Files\PHP\;F:\WINDOWS\system32;F:\WINDOWS;F:\WINDOWS\system32\wbem;f:\program files\common files\thunder network\kankan\codecs;f:\program files\subversion\bin;f:\program files\mysql\mysql server 6.0\bin;f:\program files\quicktime\qtsystem\;f:\program files\common files\ttkn\bin;f:\program files\ibm\gsk8\lib;E:\PROGRA~1\IBM\SQLLIB\BIN;E:\PROGRA~1\IBM\SQLLIB\FUNCTION;E:\PROGRA~1\IBM\SQLLIB\SAMPLES\REPL;E:\apache-ant-1.8.2\bin;E:\apache-maven-3.0.1\bin;F:\Program Files\PHP\;F:\WINDOWS\system32;F:\WINDOWS;F:\WINDOWS\system32\wbem;f:\program files\common files\thunder network\kankan\codecs;f:\program files\subversion\bin;f:\program files\mysql\mysql server 6.0\bin;f:\program files\quicktime\qtsystem\;f:\program files\common files\ttkn\bin;f:\program files\ibm\gsk8\lib;E:\PROGRA~1\IBM\SQLLIB\BIN;E:\PROGRA~1\IBM\SQLLIB\FUNCTION;E:\PROGRA~1\IBM\SQLLIB\SAMPLES\REPL;c:\texlive\2010\bin\win32;c:\Program Files\MiKTeX 2.5\miktex\bin"/>
    <property name="surefire.test.class.path" value="E:\workspace\DuplicationDetect\target\test-classes;E:\workspace\DuplicationDetect\target\classes;F:\Documents and Settings\Administrator\.m2\repository\junit\junit\3.8.1\junit-3.8.1.jar;F:\Documents and Settings\Administrator\.m2\repository\org\apache\lucene\lucene-core\3.0.2\lucene-core-3.0.2.jar;F:\Documents and Settings\Administrator\.m2\repository\org\apache\hbase\hbase\0.20.6\hbase-0.20.6.jar;F:\Documents and Settings\Administrator\.m2\repository\org\apache\hadoop\hadoop-core\0.20.2\hadoop-core-0.20.2.jar;F:\Documents and Settings\Administrator\.m2\repository\commons-cli\commons-cli\1.2\commons-cli-1.2.jar;F:\Documents and Settings\Administrator\.m2\repository\xmlenc\xmlenc\0.52\xmlenc-0.52.jar;F:\Documents and Settings\Administrator\.m2\repository\commons-httpclient\commons-httpclient\3.0.1\commons-httpclient-3.0.1.jar;F:\Documents and Settings\Administrator\.m2\repository\commons-logging\commons-logging\1.0.3\commons-logging-1.0.3.jar;F:\Documents and Settings\Administrator\.m2\repository\commons-codec\commons-codec\1.3\commons-codec-1.3.jar;F:\Documents and Settings\Administrator\.m2\repository\commons-net\commons-net\1.4.1\commons-net-1.4.1.jar;F:\Documents and Settings\Administrator\.m2\repository\org\mortbay\jetty\jetty\6.1.14\jetty-6.1.14.jar;F:\Documents and Settings\Administrator\.m2\repository\org\mortbay\jetty\jetty-util\6.1.14\jetty-util-6.1.14.jar;F:\Documents and Settings\Administrator\.m2\repository\tomcat\jasper-runtime\5.5.12\jasper-runtime-5.5.12.jar;F:\Documents and Settings\Administrator\.m2\repository\tomcat\jasper-compiler\5.5.12\jasper-compiler-5.5.12.jar;F:\Documents and Settings\Administrator\.m2\repository\org\mortbay\jetty\jsp-api-2.1\6.1.14\jsp-api-2.1-6.1.14.jar;F:\Documents and Settings\Administrator\.m2\repository\org\mortbay\jetty\jsp-2.1\6.1.14\jsp-2.1-6.1.14.jar;F:\Documents and Settings\Administrator\.m2\repository\ant\ant\1.6.5\ant-1.6.5.jar;F:\Documents and Settings\Administrator\.m2\repository\commons-el\commons-el\1.0\commons-el-1.0.jar;F:\Documents and Settings\Administrator\.m2\repository\net\java\dev\jets3t\jets3t\0.7.1\jets3t-0.7.1.jar;F:\Documents and Settings\Administrator\.m2\repository\org\mortbay\jetty\servlet-api-2.5\6.1.14\servlet-api-2.5-6.1.14.jar;F:\Documents and Settings\Administrator\.m2\repository\net\sf\kosmosfs\kfs\0.3\kfs-0.3.jar;F:\Documents and Settings\Administrator\.m2\repository\hsqldb\hsqldb\1.8.0.10\hsqldb-1.8.0.10.jar;F:\Documents and Settings\Administrator\.m2\repository\oro\oro\2.0.8\oro-2.0.8.jar;F:\Documents and Settings\Administrator\.m2\repository\org\eclipse\jdt\core\3.1.1\core-3.1.1.jar;F:\Documents and Settings\Administrator\.m2\repository\org\apache\hadoop\zookeeper\3.3.1\zookeeper-3.3.1.jar;F:\Documents and Settings\Administrator\.m2\repository\jline\jline\0.9.94\jline-0.9.94.jar;F:\Documents and Settings\Administrator\.m2\repository\com\ibm\db2\jcc\db2jcc\9\db2jcc-9.jar;F:\Documents and Settings\Administrator\.m2\repository\com\ibm\db2\jcc\db2jcc_javax\9\db2jcc_javax-9.jar;F:\Documents and Settings\Administrator\.m2\repository\com\ibm\db2\jcc\db2jcc_license_cu\9\db2jcc_license_cu-9.jar;F:\Documents and Settings\Administrator\.m2\repository\log4j\log4j\1.2.9\log4j-1.2.9.jar;F:\Documents and Settings\Administrator\.m2\repository\com\sun\jersey\jersey-core\1.1.5.1\jersey-core-1.1.5.1.jar;F:\Documents and Settings\Administrator\.m2\repository\com\sun\jersey\jersey-json\1.1.5.1\jersey-json-1.1.5.1.jar;F:\Documents and Settings\Administrator\.m2\repository\org\codehaus\jettison\jettison\1.1\jettison-1.1.jar;F:\Documents and Settings\Administrator\.m2\repository\stax\stax-api\1.0.1\stax-api-1.0.1.jar;F:\Documents and Settings\Administrator\.m2\repository\com\sun\xml\bind\jaxb-impl\2.1.12\jaxb-impl-2.1.12.jar;F:\Documents and Settings\Administrator\.m2\repository\javax\xml\bind\jaxb-api\2.1\jaxb-api-2.1.jar;F:\Documents and Settings\Administrator\.m2\repository\javax\xml\stream\stax-api\1.0-2\stax-api-1.0-2.jar;F:\Documents and Settings\Administrator\.m2\repository\javax\activation\activation\1.1\activation-1.1.jar;F:\Documents and Settings\Administrator\.m2\repository\org\codehaus\jackson\jackson-core-asl\1.1.1\jackson-core-asl-1.1.1.jar;F:\Documents and Settings\Administrator\.m2\repository\com\sun\jersey\jersey-server\1.1.5.1\jersey-server-1.1.5.1.jar;F:\Documents and Settings\Administrator\.m2\repository\asm\asm\3.1\asm-3.1.jar;F:\Documents and Settings\Administrator\.m2\repository\javax\xml\jaxb-impl\2.1.10\jaxb-impl-2.1.10.jar;F:\Documents and Settings\Administrator\.m2\repository\javax\ws\rs\jsr311-api\1.1.1\jsr311-api-1.1.1.jar;F:\Documents and Settings\Administrator\.m2\repository\commons-fileupload\commons-fileupload\1.2.2\commons-fileupload-1.2.2.jar;F:\Documents and Settings\Administrator\.m2\repository\commons-io\commons-io\1.3.2\commons-io-1.3.2.jar;"/>
    <property name="java.specification.name" value="Java Platform API Specification"/>
    <property name="java.class.version" value="50.0"/>
    <property name="sun.management.compiler" value="HotSpot Client Compiler"/>
    <property name="os.version" value="5.2"/>
    <property name="user.home" value="F:\Documents and Settings\Administrator"/>
    <property name="user.timezone" value=""/>
    <property name="java.awt.printerjob" value="sun.awt.windows.WPrinterJob"/>
    <property name="java.specification.version" value="1.6"/>
    <property name="file.encoding" value="GBK"/>
    <property name="user.name" value="Administrator"/>
    <property name="java.class.path" value="E:\workspace\DuplicationDetect\target\test-classes;E:\workspace\DuplicationDetect\target\classes;F:\Documents and Settings\Administrator\.m2\repository\junit\junit\3.8.1\junit-3.8.1.jar;F:\Documents and Settings\Administrator\.m2\repository\org\apache\lucene\lucene-core\3.0.2\lucene-core-3.0.2.jar;F:\Documents and Settings\Administrator\.m2\repository\org\apache\hbase\hbase\0.20.6\hbase-0.20.6.jar;F:\Documents and Settings\Administrator\.m2\repository\org\apache\hadoop\hadoop-core\0.20.2\hadoop-core-0.20.2.jar;F:\Documents and Settings\Administrator\.m2\repository\commons-cli\commons-cli\1.2\commons-cli-1.2.jar;F:\Documents and Settings\Administrator\.m2\repository\xmlenc\xmlenc\0.52\xmlenc-0.52.jar;F:\Documents and Settings\Administrator\.m2\repository\commons-httpclient\commons-httpclient\3.0.1\commons-httpclient-3.0.1.jar;F:\Documents and Settings\Administrator\.m2\repository\commons-logging\commons-logging\1.0.3\commons-logging-1.0.3.jar;F:\Documents and Settings\Administrator\.m2\repository\commons-codec\commons-codec\1.3\commons-codec-1.3.jar;F:\Documents and Settings\Administrator\.m2\repository\commons-net\commons-net\1.4.1\commons-net-1.4.1.jar;F:\Documents and Settings\Administrator\.m2\repository\org\mortbay\jetty\jetty\6.1.14\jetty-6.1.14.jar;F:\Documents and Settings\Administrator\.m2\repository\org\mortbay\jetty\jetty-util\6.1.14\jetty-util-6.1.14.jar;F:\Documents and Settings\Administrator\.m2\repository\tomcat\jasper-runtime\5.5.12\jasper-runtime-5.5.12.jar;F:\Documents and Settings\Administrator\.m2\repository\tomcat\jasper-compiler\5.5.12\jasper-compiler-5.5.12.jar;F:\Documents and Settings\Administrator\.m2\repository\org\mortbay\jetty\jsp-api-2.1\6.1.14\jsp-api-2.1-6.1.14.jar;F:\Documents and Settings\Administrator\.m2\repository\org\mortbay\jetty\jsp-2.1\6.1.14\jsp-2.1-6.1.14.jar;F:\Documents and Settings\Administrator\.m2\repository\ant\ant\1.6.5\ant-1.6.5.jar;F:\Documents and Settings\Administrator\.m2\repository\commons-el\commons-el\1.0\commons-el-1.0.jar;F:\Documents and Settings\Administrator\.m2\repository\net\java\dev\jets3t\jets3t\0.7.1\jets3t-0.7.1.jar;F:\Documents and Settings\Administrator\.m2\repository\org\mortbay\jetty\servlet-api-2.5\6.1.14\servlet-api-2.5-6.1.14.jar;F:\Documents and Settings\Administrator\.m2\repository\net\sf\kosmosfs\kfs\0.3\kfs-0.3.jar;F:\Documents and Settings\Administrator\.m2\repository\hsqldb\hsqldb\1.8.0.10\hsqldb-1.8.0.10.jar;F:\Documents and Settings\Administrator\.m2\repository\oro\oro\2.0.8\oro-2.0.8.jar;F:\Documents and Settings\Administrator\.m2\repository\org\eclipse\jdt\core\3.1.1\core-3.1.1.jar;F:\Documents and Settings\Administrator\.m2\repository\org\apache\hadoop\zookeeper\3.3.1\zookeeper-3.3.1.jar;F:\Documents and Settings\Administrator\.m2\repository\jline\jline\0.9.94\jline-0.9.94.jar;F:\Documents and Settings\Administrator\.m2\repository\com\ibm\db2\jcc\db2jcc\9\db2jcc-9.jar;F:\Documents and Settings\Administrator\.m2\repository\com\ibm\db2\jcc\db2jcc_javax\9\db2jcc_javax-9.jar;F:\Documents and Settings\Administrator\.m2\repository\com\ibm\db2\jcc\db2jcc_license_cu\9\db2jcc_license_cu-9.jar;F:\Documents and Settings\Administrator\.m2\repository\log4j\log4j\1.2.9\log4j-1.2.9.jar;F:\Documents and Settings\Administrator\.m2\repository\com\sun\jersey\jersey-core\1.1.5.1\jersey-core-1.1.5.1.jar;F:\Documents and Settings\Administrator\.m2\repository\com\sun\jersey\jersey-json\1.1.5.1\jersey-json-1.1.5.1.jar;F:\Documents and Settings\Administrator\.m2\repository\org\codehaus\jettison\jettison\1.1\jettison-1.1.jar;F:\Documents and Settings\Administrator\.m2\repository\stax\stax-api\1.0.1\stax-api-1.0.1.jar;F:\Documents and Settings\Administrator\.m2\repository\com\sun\xml\bind\jaxb-impl\2.1.12\jaxb-impl-2.1.12.jar;F:\Documents and Settings\Administrator\.m2\repository\javax\xml\bind\jaxb-api\2.1\jaxb-api-2.1.jar;F:\Documents and Settings\Administrator\.m2\repository\javax\xml\stream\stax-api\1.0-2\stax-api-1.0-2.jar;F:\Documents and Settings\Administrator\.m2\repository\javax\activation\activation\1.1\activation-1.1.jar;F:\Documents and Settings\Administrator\.m2\repository\org\codehaus\jackson\jackson-core-asl\1.1.1\jackson-core-asl-1.1.1.jar;F:\Documents and Settings\Administrator\.m2\repository\com\sun\jersey\jersey-server\1.1.5.1\jersey-server-1.1.5.1.jar;F:\Documents and Settings\Administrator\.m2\repository\asm\asm\3.1\asm-3.1.jar;F:\Documents and Settings\Administrator\.m2\repository\javax\xml\jaxb-impl\2.1.10\jaxb-impl-2.1.10.jar;F:\Documents and Settings\Administrator\.m2\repository\javax\ws\rs\jsr311-api\1.1.1\jsr311-api-1.1.1.jar;F:\Documents and Settings\Administrator\.m2\repository\commons-fileupload\commons-fileupload\1.2.2\commons-fileupload-1.2.2.jar;F:\Documents and Settings\Administrator\.m2\repository\commons-io\commons-io\1.3.2\commons-io-1.3.2.jar;"/>
    <property name="java.vm.specification.version" value="1.0"/>
    <property name="sun.arch.data.model" value="32"/>
    <property name="java.home" value="F:\Program Files\Java\jdk1.6.0_22\jre"/>
    <property name="java.specification.vendor" value="Sun Microsystems Inc."/>
    <property name="user.language" value="zh"/>
    <property name="awt.toolkit" value="sun.awt.windows.WToolkit"/>
    <property name="java.vm.info" value="mixed mode, sharing"/>
    <property name="java.version" value="1.6.0_22"/>
    <property name="java.ext.dirs" value="F:\Program Files\Java\jdk1.6.0_22\jre\lib\ext;F:\WINDOWS\Sun\Java\lib\ext"/>
    <property name="sun.boot.class.path" value="F:\Program Files\Java\jdk1.6.0_22\jre\lib\resources.jar;F:\Program Files\Java\jdk1.6.0_22\jre\lib\rt.jar;F:\Program Files\Java\jdk1.6.0_22\jre\lib\sunrsasign.jar;F:\Program Files\Java\jdk1.6.0_22\jre\lib\jsse.jar;F:\Program Files\Java\jdk1.6.0_22\jre\lib\jce.jar;F:\Program Files\Java\jdk1.6.0_22\jre\lib\charsets.jar;F:\Program Files\Java\jdk1.6.0_22\jre\classes"/>
    <property name="java.vendor" value="Sun Microsystems Inc."/>
    <property name="localRepository" value="F:\Documents and Settings\Administrator\.m2\repository"/>
    <property name="file.separator" value="\"/>
    <property name="java.vendor.url.bug" value="http://java.sun.com/cgi-bin/bugreport.cgi"/>
    <property name="sun.cpu.endian" value="little"/>
    <property name="sun.io.unicode.encoding" value="UnicodeLittle"/>
    <property name="sun.desktop" value="windows"/>
    <property name="sun.cpu.isalist" value="pentium_pro+mmx pentium_pro pentium+mmx pentium i486 i386 i86"/>
  </properties>
  <testcase time="0" classname="com.dafei.AppTest" name="testApp"/>
</testsuite>